/home/rag0n/Desktop/lab/r0_workspace/install/r0/lib/python3.10/site-packages/r0/data_listener_camera_info.py
/home/rag0n/Desktop/lab/r0_workspace/install/r0/lib/python3.10/site-packages/r0/data_provider_rgbd.py
/home/rag0n/Desktop/lab/r0_workspace/install/r0/lib/python3.10/site-packages/r0/data_listener_depth.py
/home/rag0n/Desktop/lab/r0_workspace/install/r0/lib/python3.10/site-packages/r0/data_provider_rgbd_via_monocular.py
/home/rag0n/Desktop/lab/r0_workspace/install/r0/lib/python3.10/site-packages/r0/fake_clock_publisher.py
/home/rag0n/Desktop/lab/r0_workspace/install/r0/lib/python3.10/site-packages/r0/data_listener_rgb.py
/home/rag0n/Desktop/lab/r0_workspace/install/r0/lib/python3.10/site-packages/r0/__init__.py
/home/rag0n/Desktop/lab/r0_workspace/install/r0/lib/python3.10/site-packages/r0/depth_estimation/__init__.py
/home/rag0n/Desktop/lab/r0_workspace/install/r0/lib/python3.10/site-packages/r0/depth_estimation/run.py
/home/rag0n/Desktop/lab/r0_workspace/install/r0/lib/python3.10/site-packages/r0/depth_estimation/midas/blocks.py
/home/rag0n/Desktop/lab/r0_workspace/install/r0/lib/python3.10/site-packages/r0/depth_estimation/midas/transforms.py
/home/rag0n/Desktop/lab/r0_workspace/install/r0/lib/python3.10/site-packages/r0/depth_estimation/midas/midas_net.py
/home/rag0n/Desktop/lab/r0_workspace/install/r0/lib/python3.10/site-packages/r0/depth_estimation/midas/model_loader.py
/home/rag0n/Desktop/lab/r0_workspace/install/r0/lib/python3.10/site-packages/r0/depth_estimation/midas/__init__.py
/home/rag0n/Desktop/lab/r0_workspace/install/r0/lib/python3.10/site-packages/r0/depth_estimation/midas/midas_net_custom.py
/home/rag0n/Desktop/lab/r0_workspace/install/r0/lib/python3.10/site-packages/r0/depth_estimation/midas/base_model.py
/home/rag0n/Desktop/lab/r0_workspace/install/r0/lib/python3.10/site-packages/r0/depth_estimation/midas/dpt_depth.py
/home/rag0n/Desktop/lab/r0_workspace/install/r0/lib/python3.10/site-packages/r0/depth_estimation/midas/backbones/beit.py
/home/rag0n/Desktop/lab/r0_workspace/install/r0/lib/python3.10/site-packages/r0/depth_estimation/midas/backbones/swin_common.py
/home/rag0n/Desktop/lab/r0_workspace/install/r0/lib/python3.10/site-packages/r0/depth_estimation/midas/backbones/swin2.py
/home/rag0n/Desktop/lab/r0_workspace/install/r0/lib/python3.10/site-packages/r0/depth_estimation/midas/backbones/levit.py
/home/rag0n/Desktop/lab/r0_workspace/install/r0/lib/python3.10/site-packages/r0/depth_estimation/midas/backbones/next_vit.py
/home/rag0n/Desktop/lab/r0_workspace/install/r0/lib/python3.10/site-packages/r0/depth_estimation/midas/backbones/vit.py
/home/rag0n/Desktop/lab/r0_workspace/install/r0/lib/python3.10/site-packages/r0/depth_estimation/midas/backbones/utils.py
/home/rag0n/Desktop/lab/r0_workspace/install/r0/lib/python3.10/site-packages/r0/depth_estimation/midas/backbones/__init__.py
/home/rag0n/Desktop/lab/r0_workspace/install/r0/lib/python3.10/site-packages/r0/depth_estimation/midas/backbones/swin.py
/home/rag0n/Desktop/lab/r0_workspace/install/r0/lib/python3.10/site-packages/r0/__pycache__/data_listener_camera_info.cpython-310.pyc
/home/rag0n/Desktop/lab/r0_workspace/install/r0/lib/python3.10/site-packages/r0/__pycache__/data_provider_rgbd.cpython-310.pyc
/home/rag0n/Desktop/lab/r0_workspace/install/r0/lib/python3.10/site-packages/r0/__pycache__/data_listener_depth.cpython-310.pyc
/home/rag0n/Desktop/lab/r0_workspace/install/r0/lib/python3.10/site-packages/r0/__pycache__/data_provider_rgbd_via_monocular.cpython-310.pyc
/home/rag0n/Desktop/lab/r0_workspace/install/r0/lib/python3.10/site-packages/r0/__pycache__/fake_clock_publisher.cpython-310.pyc
/home/rag0n/Desktop/lab/r0_workspace/install/r0/lib/python3.10/site-packages/r0/__pycache__/data_listener_rgb.cpython-310.pyc
/home/rag0n/Desktop/lab/r0_workspace/install/r0/lib/python3.10/site-packages/r0/__pycache__/__init__.cpython-310.pyc
/home/rag0n/Desktop/lab/r0_workspace/install/r0/lib/python3.10/site-packages/r0/depth_estimation/__pycache__/__init__.cpython-310.pyc
/home/rag0n/Desktop/lab/r0_workspace/install/r0/lib/python3.10/site-packages/r0/depth_estimation/__pycache__/run.cpython-310.pyc
/home/rag0n/Desktop/lab/r0_workspace/install/r0/lib/python3.10/site-packages/r0/depth_estimation/midas/__pycache__/blocks.cpython-310.pyc
/home/rag0n/Desktop/lab/r0_workspace/install/r0/lib/python3.10/site-packages/r0/depth_estimation/midas/__pycache__/transforms.cpython-310.pyc
/home/rag0n/Desktop/lab/r0_workspace/install/r0/lib/python3.10/site-packages/r0/depth_estimation/midas/__pycache__/midas_net.cpython-310.pyc
/home/rag0n/Desktop/lab/r0_workspace/install/r0/lib/python3.10/site-packages/r0/depth_estimation/midas/__pycache__/model_loader.cpython-310.pyc
/home/rag0n/Desktop/lab/r0_workspace/install/r0/lib/python3.10/site-packages/r0/depth_estimation/midas/__pycache__/__init__.cpython-310.pyc
/home/rag0n/Desktop/lab/r0_workspace/install/r0/lib/python3.10/site-packages/r0/depth_estimation/midas/__pycache__/midas_net_custom.cpython-310.pyc
/home/rag0n/Desktop/lab/r0_workspace/install/r0/lib/python3.10/site-packages/r0/depth_estimation/midas/__pycache__/base_model.cpython-310.pyc
/home/rag0n/Desktop/lab/r0_workspace/install/r0/lib/python3.10/site-packages/r0/depth_estimation/midas/__pycache__/dpt_depth.cpython-310.pyc
/home/rag0n/Desktop/lab/r0_workspace/install/r0/lib/python3.10/site-packages/r0/depth_estimation/midas/backbones/__pycache__/beit.cpython-310.pyc
/home/rag0n/Desktop/lab/r0_workspace/install/r0/lib/python3.10/site-packages/r0/depth_estimation/midas/backbones/__pycache__/swin_common.cpython-310.pyc
/home/rag0n/Desktop/lab/r0_workspace/install/r0/lib/python3.10/site-packages/r0/depth_estimation/midas/backbones/__pycache__/swin2.cpython-310.pyc
/home/rag0n/Desktop/lab/r0_workspace/install/r0/lib/python3.10/site-packages/r0/depth_estimation/midas/backbones/__pycache__/levit.cpython-310.pyc
/home/rag0n/Desktop/lab/r0_workspace/install/r0/lib/python3.10/site-packages/r0/depth_estimation/midas/backbones/__pycache__/next_vit.cpython-310.pyc
/home/rag0n/Desktop/lab/r0_workspace/install/r0/lib/python3.10/site-packages/r0/depth_estimation/midas/backbones/__pycache__/vit.cpython-310.pyc
/home/rag0n/Desktop/lab/r0_workspace/install/r0/lib/python3.10/site-packages/r0/depth_estimation/midas/backbones/__pycache__/utils.cpython-310.pyc
/home/rag0n/Desktop/lab/r0_workspace/install/r0/lib/python3.10/site-packages/r0/depth_estimation/midas/backbones/__pycache__/__init__.cpython-310.pyc
/home/rag0n/Desktop/lab/r0_workspace/install/r0/lib/python3.10/site-packages/r0/depth_estimation/midas/backbones/__pycache__/swin.cpython-310.pyc
/home/rag0n/Desktop/lab/r0_workspace/install/r0/share/r0/launch/example_rtabmap_rgbdslam_datasets.launch.py
/home/rag0n/Desktop/lab/r0_workspace/install/r0/share/r0/launch/rviz2.launch.py
/home/rag0n/Desktop/lab/r0_workspace/install/r0/share/r0/launch/listeners.launch.py
/home/rag0n/Desktop/lab/r0_workspace/install/r0/share/r0/config/my_config.rviz
/home/rag0n/Desktop/lab/r0_workspace/install/r0/share/ament_index/resource_index/packages/r0
/home/rag0n/Desktop/lab/r0_workspace/install/r0/share/r0/package.xml
/home/rag0n/Desktop/lab/r0_workspace/install/r0/lib/python3.10/site-packages/r0-0.0.0-py3.10.egg-info/requires.txt
/home/rag0n/Desktop/lab/r0_workspace/install/r0/lib/python3.10/site-packages/r0-0.0.0-py3.10.egg-info/PKG-INFO
/home/rag0n/Desktop/lab/r0_workspace/install/r0/lib/python3.10/site-packages/r0-0.0.0-py3.10.egg-info/dependency_links.txt
/home/rag0n/Desktop/lab/r0_workspace/install/r0/lib/python3.10/site-packages/r0-0.0.0-py3.10.egg-info/zip-safe
/home/rag0n/Desktop/lab/r0_workspace/install/r0/lib/python3.10/site-packages/r0-0.0.0-py3.10.egg-info/top_level.txt
/home/rag0n/Desktop/lab/r0_workspace/install/r0/lib/python3.10/site-packages/r0-0.0.0-py3.10.egg-info/SOURCES.txt
/home/rag0n/Desktop/lab/r0_workspace/install/r0/lib/python3.10/site-packages/r0-0.0.0-py3.10.egg-info/entry_points.txt
/home/rag0n/Desktop/lab/r0_workspace/install/r0/lib/r0/fake_clock_publisher
/home/rag0n/Desktop/lab/r0_workspace/install/r0/lib/r0/listener_caminfo
/home/rag0n/Desktop/lab/r0_workspace/install/r0/lib/r0/listener_depth
/home/rag0n/Desktop/lab/r0_workspace/install/r0/lib/r0/listener_rgb
/home/rag0n/Desktop/lab/r0_workspace/install/r0/lib/r0/provider_rgbd
/home/rag0n/Desktop/lab/r0_workspace/install/r0/lib/r0/provider_rgbd_via_monocular
