running egg_info
creating ../../build/r0_arge/r0_arge.egg-info
writing ../../build/r0_arge/r0_arge.egg-info/PKG-INFO
writing dependency_links to ../../build/r0_arge/r0_arge.egg-info/dependency_links.txt
writing entry points to ../../build/r0_arge/r0_arge.egg-info/entry_points.txt
writing requirements to ../../build/r0_arge/r0_arge.egg-info/requires.txt
writing top-level names to ../../build/r0_arge/r0_arge.egg-info/top_level.txt
writing manifest file '../../build/r0_arge/r0_arge.egg-info/SOURCES.txt'
reading manifest file '../../build/r0_arge/r0_arge.egg-info/SOURCES.txt'
writing manifest file '../../build/r0_arge/r0_arge.egg-info/SOURCES.txt'
running build
running build_py
creating /home/rag0n/Desktop/lab/r0_workspace/build/r0_arge/build
creating /home/rag0n/Desktop/lab/r0_workspace/build/r0_arge/build/lib
creating /home/rag0n/Desktop/lab/r0_workspace/build/r0_arge/build/lib/r0_arge
copying r0_arge/__init__.py -> /home/rag0n/Desktop/lab/r0_workspace/build/r0_arge/build/lib/r0_arge
running install
running install_lib
creating /home/rag0n/Desktop/lab/r0_workspace/install/r0_arge/lib/python3.10/site-packages/r0_arge
copying /home/rag0n/Desktop/lab/r0_workspace/build/r0_arge/build/lib/r0_arge/__init__.py -> /home/rag0n/Desktop/lab/r0_workspace/install/r0_arge/lib/python3.10/site-packages/r0_arge
byte-compiling /home/rag0n/Desktop/lab/r0_workspace/install/r0_arge/lib/python3.10/site-packages/r0_arge/__init__.py to __init__.cpython-310.pyc
running install_data
creating /home/rag0n/Desktop/lab/r0_workspace/install/r0_arge/share/ament_index
creating /home/rag0n/Desktop/lab/r0_workspace/install/r0_arge/share/ament_index/resource_index
creating /home/rag0n/Desktop/lab/r0_workspace/install/r0_arge/share/ament_index/resource_index/packages
copying resource/r0_arge -> /home/rag0n/Desktop/lab/r0_workspace/install/r0_arge/share/ament_index/resource_index/packages
copying package.xml -> /home/rag0n/Desktop/lab/r0_workspace/install/r0_arge/share/r0_arge
running install_egg_info
Copying ../../build/r0_arge/r0_arge.egg-info to /home/rag0n/Desktop/lab/r0_workspace/install/r0_arge/lib/python3.10/site-packages/r0_arge-0.0.0-py3.10.egg-info
running install_scripts
writing list of installed files to '/home/rag0n/Desktop/lab/r0_workspace/build/r0_arge/install.log'
