[0.646s] Invoking command in '/home/rag0n/Desktop/lab/r0_workspace/src/r0_arge': PYTHONPATH=/home/rag0n/Desktop/lab/r0_workspace/build/r0_arge/prefix_override:/home/rag0n/.local/lib/python3.10/site-packages/colcon_core/task/python/colcon_distutils_commands:/home/rag0n/Desktop/lab/r0_workspace/install/r0_arge/lib/python3.10/site-packages:${PYTHONPATH} /usr/bin/python3 -W ignore:setup.py install is deprecated setup.py egg_info --egg-base ../../build/r0_arge build --build-base /home/rag0n/Desktop/lab/r0_workspace/build/r0_arge/build install --record /home/rag0n/Desktop/lab/r0_workspace/build/r0_arge/install.log --single-version-externally-managed install_data
[0.811s] running egg_info
[0.811s] creating ../../build/r0_arge/r0_arge.egg-info
[0.811s] writing ../../build/r0_arge/r0_arge.egg-info/PKG-INFO
[0.811s] writing dependency_links to ../../build/r0_arge/r0_arge.egg-info/dependency_links.txt
[0.812s] writing entry points to ../../build/r0_arge/r0_arge.egg-info/entry_points.txt
[0.812s] writing requirements to ../../build/r0_arge/r0_arge.egg-info/requires.txt
[0.812s] writing top-level names to ../../build/r0_arge/r0_arge.egg-info/top_level.txt
[0.812s] writing manifest file '../../build/r0_arge/r0_arge.egg-info/SOURCES.txt'
[0.813s] reading manifest file '../../build/r0_arge/r0_arge.egg-info/SOURCES.txt'
[0.813s] writing manifest file '../../build/r0_arge/r0_arge.egg-info/SOURCES.txt'
[0.813s] running build
[0.813s] running build_py
[0.813s] creating /home/rag0n/Desktop/lab/r0_workspace/build/r0_arge/build
[0.814s] creating /home/rag0n/Desktop/lab/r0_workspace/build/r0_arge/build/lib
[0.814s] creating /home/rag0n/Desktop/lab/r0_workspace/build/r0_arge/build/lib/r0_arge
[0.814s] copying r0_arge/__init__.py -> /home/rag0n/Desktop/lab/r0_workspace/build/r0_arge/build/lib/r0_arge
[0.814s] running install
[0.814s] running install_lib
[0.814s] creating /home/rag0n/Desktop/lab/r0_workspace/install/r0_arge/lib/python3.10/site-packages/r0_arge
[0.814s] copying /home/rag0n/Desktop/lab/r0_workspace/build/r0_arge/build/lib/r0_arge/__init__.py -> /home/rag0n/Desktop/lab/r0_workspace/install/r0_arge/lib/python3.10/site-packages/r0_arge
[0.815s] byte-compiling /home/rag0n/Desktop/lab/r0_workspace/install/r0_arge/lib/python3.10/site-packages/r0_arge/__init__.py to __init__.cpython-310.pyc
[0.815s] running install_data
[0.815s] creating /home/rag0n/Desktop/lab/r0_workspace/install/r0_arge/share/ament_index
[0.815s] creating /home/rag0n/Desktop/lab/r0_workspace/install/r0_arge/share/ament_index/resource_index
[0.815s] creating /home/rag0n/Desktop/lab/r0_workspace/install/r0_arge/share/ament_index/resource_index/packages
[0.815s] copying resource/r0_arge -> /home/rag0n/Desktop/lab/r0_workspace/install/r0_arge/share/ament_index/resource_index/packages
[0.815s] copying package.xml -> /home/rag0n/Desktop/lab/r0_workspace/install/r0_arge/share/r0_arge
[0.815s] running install_egg_info
[0.816s] Copying ../../build/r0_arge/r0_arge.egg-info to /home/rag0n/Desktop/lab/r0_workspace/install/r0_arge/lib/python3.10/site-packages/r0_arge-0.0.0-py3.10.egg-info
[0.817s] running install_scripts
[0.832s] writing list of installed files to '/home/rag0n/Desktop/lab/r0_workspace/build/r0_arge/install.log'
[0.849s] Invoked command in '/home/rag0n/Desktop/lab/r0_workspace/src/r0_arge' returned '0': PYTHONPATH=/home/rag0n/Desktop/lab/r0_workspace/build/r0_arge/prefix_override:/home/rag0n/.local/lib/python3.10/site-packages/colcon_core/task/python/colcon_distutils_commands:/home/rag0n/Desktop/lab/r0_workspace/install/r0_arge/lib/python3.10/site-packages:${PYTHONPATH} /usr/bin/python3 -W ignore:setup.py install is deprecated setup.py egg_info --egg-base ../../build/r0_arge build --build-base /home/rag0n/Desktop/lab/r0_workspace/build/r0_arge/build install --record /home/rag0n/Desktop/lab/r0_workspace/build/r0_arge/install.log --single-version-externally-managed install_data
