[0.425s] Invoking command in '/home/rag0n/Desktop/lab/r0_workspace/src/r0': PYTHONPATH=/home/rag0n/Desktop/lab/r0_workspace/build/r0/prefix_override:/home/rag0n/.local/lib/python3.10/site-packages/colcon_core/task/python/colcon_distutils_commands:/home/rag0n/Desktop/lab/r0_workspace/install/r0/lib/python3.10/site-packages:${PYTHONPATH} /usr/bin/python3 -W ignore:setup.py install is deprecated setup.py egg_info --egg-base ../../build/r0 build --build-base /home/rag0n/Desktop/lab/r0_workspace/build/r0/build install --record /home/rag0n/Desktop/lab/r0_workspace/build/r0/install.log --single-version-externally-managed install_data
[0.583s] running egg_info
[0.584s] writing ../../build/r0/r0.egg-info/PKG-INFO
[0.584s] writing dependency_links to ../../build/r0/r0.egg-info/dependency_links.txt
[0.584s] writing entry points to ../../build/r0/r0.egg-info/entry_points.txt
[0.584s] writing requirements to ../../build/r0/r0.egg-info/requires.txt
[0.584s] writing top-level names to ../../build/r0/r0.egg-info/top_level.txt
[0.585s] reading manifest file '../../build/r0/r0.egg-info/SOURCES.txt'
[0.593s] writing manifest file '../../build/r0/r0.egg-info/SOURCES.txt'
[0.593s] running build
[0.593s] running build_py
[0.594s] running install
[0.594s] running install_lib
[0.596s] running install_data
[0.596s] copying launch/main.launch.py -> /home/rag0n/Desktop/lab/r0_workspace/install/r0/share/r0/launch
[0.596s] copying launch/rtabmap_rgbd_odom.launch.py -> /home/rag0n/Desktop/lab/r0_workspace/install/r0/share/r0/launch
[0.596s] copying launch/rtabmap_slam.launch.py -> /home/rag0n/Desktop/lab/r0_workspace/install/r0/share/r0/launch
[0.596s] running install_egg_info
[0.597s] removing '/home/rag0n/Desktop/lab/r0_workspace/install/r0/lib/python3.10/site-packages/r0-0.0.0-py3.10.egg-info' (and everything under it)
[0.597s] Copying ../../build/r0/r0.egg-info to /home/rag0n/Desktop/lab/r0_workspace/install/r0/lib/python3.10/site-packages/r0-0.0.0-py3.10.egg-info
[0.597s] running install_scripts
[0.611s] Installing data_provider script to /home/rag0n/Desktop/lab/r0_workspace/install/r0/lib/r0
[0.611s] writing list of installed files to '/home/rag0n/Desktop/lab/r0_workspace/build/r0/install.log'
[0.627s] Invoked command in '/home/rag0n/Desktop/lab/r0_workspace/src/r0' returned '0': PYTHONPATH=/home/rag0n/Desktop/lab/r0_workspace/build/r0/prefix_override:/home/rag0n/.local/lib/python3.10/site-packages/colcon_core/task/python/colcon_distutils_commands:/home/rag0n/Desktop/lab/r0_workspace/install/r0/lib/python3.10/site-packages:${PYTHONPATH} /usr/bin/python3 -W ignore:setup.py install is deprecated setup.py egg_info --egg-base ../../build/r0 build --build-base /home/rag0n/Desktop/lab/r0_workspace/build/r0/build install --record /home/rag0n/Desktop/lab/r0_workspace/build/r0/install.log --single-version-externally-managed install_data
