running egg_info
creating ../../build/r0/r0.egg-info
writing ../../build/r0/r0.egg-info/PKG-INFO
writing dependency_links to ../../build/r0/r0.egg-info/dependency_links.txt
writing entry points to ../../build/r0/r0.egg-info/entry_points.txt
writing requirements to ../../build/r0/r0.egg-info/requires.txt
writing top-level names to ../../build/r0/r0.egg-info/top_level.txt
writing manifest file '../../build/r0/r0.egg-info/SOURCES.txt'
reading manifest file '../../build/r0/r0.egg-info/SOURCES.txt'
writing manifest file '../../build/r0/r0.egg-info/SOURCES.txt'
running build
running build_py
creating /home/rag0n/Desktop/lab/r0_workspace/build/r0/build
creating /home/rag0n/Desktop/lab/r0_workspace/build/r0/build/lib
creating /home/rag0n/Desktop/lab/r0_workspace/build/r0/build/lib/r0
copying r0/__init__.py -> /home/rag0n/Desktop/lab/r0_workspace/build/r0/build/lib/r0
copying r0/data_provider.py -> /home/rag0n/Desktop/lab/r0_workspace/build/r0/build/lib/r0
creating /home/rag0n/Desktop/lab/r0_workspace/build/r0/build/lib/r0/depth_estimation
copying r0/depth_estimation/__init__.py -> /home/rag0n/Desktop/lab/r0_workspace/build/r0/build/lib/r0/depth_estimation
copying r0/depth_estimation/run.py -> /home/rag0n/Desktop/lab/r0_workspace/build/r0/build/lib/r0/depth_estimation
creating /home/rag0n/Desktop/lab/r0_workspace/build/r0/build/lib/r0/depth_estimation/midas
copying r0/depth_estimation/midas/blocks.py -> /home/rag0n/Desktop/lab/r0_workspace/build/r0/build/lib/r0/depth_estimation/midas
copying r0/depth_estimation/midas/transforms.py -> /home/rag0n/Desktop/lab/r0_workspace/build/r0/build/lib/r0/depth_estimation/midas
copying r0/depth_estimation/midas/midas_net.py -> /home/rag0n/Desktop/lab/r0_workspace/build/r0/build/lib/r0/depth_estimation/midas
copying r0/depth_estimation/midas/model_loader.py -> /home/rag0n/Desktop/lab/r0_workspace/build/r0/build/lib/r0/depth_estimation/midas
copying r0/depth_estimation/midas/__init__.py -> /home/rag0n/Desktop/lab/r0_workspace/build/r0/build/lib/r0/depth_estimation/midas
copying r0/depth_estimation/midas/midas_net_custom.py -> /home/rag0n/Desktop/lab/r0_workspace/build/r0/build/lib/r0/depth_estimation/midas
copying r0/depth_estimation/midas/base_model.py -> /home/rag0n/Desktop/lab/r0_workspace/build/r0/build/lib/r0/depth_estimation/midas
copying r0/depth_estimation/midas/dpt_depth.py -> /home/rag0n/Desktop/lab/r0_workspace/build/r0/build/lib/r0/depth_estimation/midas
creating /home/rag0n/Desktop/lab/r0_workspace/build/r0/build/lib/r0/depth_estimation/midas/backbones
copying r0/depth_estimation/midas/backbones/beit.py -> /home/rag0n/Desktop/lab/r0_workspace/build/r0/build/lib/r0/depth_estimation/midas/backbones
copying r0/depth_estimation/midas/backbones/swin_common.py -> /home/rag0n/Desktop/lab/r0_workspace/build/r0/build/lib/r0/depth_estimation/midas/backbones
copying r0/depth_estimation/midas/backbones/swin2.py -> /home/rag0n/Desktop/lab/r0_workspace/build/r0/build/lib/r0/depth_estimation/midas/backbones
copying r0/depth_estimation/midas/backbones/levit.py -> /home/rag0n/Desktop/lab/r0_workspace/build/r0/build/lib/r0/depth_estimation/midas/backbones
copying r0/depth_estimation/midas/backbones/next_vit.py -> /home/rag0n/Desktop/lab/r0_workspace/build/r0/build/lib/r0/depth_estimation/midas/backbones
copying r0/depth_estimation/midas/backbones/vit.py -> /home/rag0n/Desktop/lab/r0_workspace/build/r0/build/lib/r0/depth_estimation/midas/backbones
copying r0/depth_estimation/midas/backbones/utils.py -> /home/rag0n/Desktop/lab/r0_workspace/build/r0/build/lib/r0/depth_estimation/midas/backbones
copying r0/depth_estimation/midas/backbones/__init__.py -> /home/rag0n/Desktop/lab/r0_workspace/build/r0/build/lib/r0/depth_estimation/midas/backbones
copying r0/depth_estimation/midas/backbones/swin.py -> /home/rag0n/Desktop/lab/r0_workspace/build/r0/build/lib/r0/depth_estimation/midas/backbones
running install
running install_lib
creating /home/rag0n/Desktop/lab/r0_workspace/install/r0/lib/python3.10/site-packages/r0
creating /home/rag0n/Desktop/lab/r0_workspace/install/r0/lib/python3.10/site-packages/r0/depth_estimation
creating /home/rag0n/Desktop/lab/r0_workspace/install/r0/lib/python3.10/site-packages/r0/depth_estimation/midas
copying /home/rag0n/Desktop/lab/r0_workspace/build/r0/build/lib/r0/depth_estimation/midas/blocks.py -> /home/rag0n/Desktop/lab/r0_workspace/install/r0/lib/python3.10/site-packages/r0/depth_estimation/midas
copying /home/rag0n/Desktop/lab/r0_workspace/build/r0/build/lib/r0/depth_estimation/midas/transforms.py -> /home/rag0n/Desktop/lab/r0_workspace/install/r0/lib/python3.10/site-packages/r0/depth_estimation/midas
copying /home/rag0n/Desktop/lab/r0_workspace/build/r0/build/lib/r0/depth_estimation/midas/midas_net.py -> /home/rag0n/Desktop/lab/r0_workspace/install/r0/lib/python3.10/site-packages/r0/depth_estimation/midas
copying /home/rag0n/Desktop/lab/r0_workspace/build/r0/build/lib/r0/depth_estimation/midas/model_loader.py -> /home/rag0n/Desktop/lab/r0_workspace/install/r0/lib/python3.10/site-packages/r0/depth_estimation/midas
creating /home/rag0n/Desktop/lab/r0_workspace/install/r0/lib/python3.10/site-packages/r0/depth_estimation/midas/backbones
copying /home/rag0n/Desktop/lab/r0_workspace/build/r0/build/lib/r0/depth_estimation/midas/backbones/beit.py -> /home/rag0n/Desktop/lab/r0_workspace/install/r0/lib/python3.10/site-packages/r0/depth_estimation/midas/backbones
copying /home/rag0n/Desktop/lab/r0_workspace/build/r0/build/lib/r0/depth_estimation/midas/backbones/swin_common.py -> /home/rag0n/Desktop/lab/r0_workspace/install/r0/lib/python3.10/site-packages/r0/depth_estimation/midas/backbones
copying /home/rag0n/Desktop/lab/r0_workspace/build/r0/build/lib/r0/depth_estimation/midas/backbones/swin2.py -> /home/rag0n/Desktop/lab/r0_workspace/install/r0/lib/python3.10/site-packages/r0/depth_estimation/midas/backbones
copying /home/rag0n/Desktop/lab/r0_workspace/build/r0/build/lib/r0/depth_estimation/midas/backbones/levit.py -> /home/rag0n/Desktop/lab/r0_workspace/install/r0/lib/python3.10/site-packages/r0/depth_estimation/midas/backbones
copying /home/rag0n/Desktop/lab/r0_workspace/build/r0/build/lib/r0/depth_estimation/midas/backbones/next_vit.py -> /home/rag0n/Desktop/lab/r0_workspace/install/r0/lib/python3.10/site-packages/r0/depth_estimation/midas/backbones
copying /home/rag0n/Desktop/lab/r0_workspace/build/r0/build/lib/r0/depth_estimation/midas/backbones/vit.py -> /home/rag0n/Desktop/lab/r0_workspace/install/r0/lib/python3.10/site-packages/r0/depth_estimation/midas/backbones
copying /home/rag0n/Desktop/lab/r0_workspace/build/r0/build/lib/r0/depth_estimation/midas/backbones/utils.py -> /home/rag0n/Desktop/lab/r0_workspace/install/r0/lib/python3.10/site-packages/r0/depth_estimation/midas/backbones
copying /home/rag0n/Desktop/lab/r0_workspace/build/r0/build/lib/r0/depth_estimation/midas/backbones/__init__.py -> /home/rag0n/Desktop/lab/r0_workspace/install/r0/lib/python3.10/site-packages/r0/depth_estimation/midas/backbones
copying /home/rag0n/Desktop/lab/r0_workspace/build/r0/build/lib/r0/depth_estimation/midas/backbones/swin.py -> /home/rag0n/Desktop/lab/r0_workspace/install/r0/lib/python3.10/site-packages/r0/depth_estimation/midas/backbones
copying /home/rag0n/Desktop/lab/r0_workspace/build/r0/build/lib/r0/depth_estimation/midas/__init__.py -> /home/rag0n/Desktop/lab/r0_workspace/install/r0/lib/python3.10/site-packages/r0/depth_estimation/midas
copying /home/rag0n/Desktop/lab/r0_workspace/build/r0/build/lib/r0/depth_estimation/midas/midas_net_custom.py -> /home/rag0n/Desktop/lab/r0_workspace/install/r0/lib/python3.10/site-packages/r0/depth_estimation/midas
copying /home/rag0n/Desktop/lab/r0_workspace/build/r0/build/lib/r0/depth_estimation/midas/base_model.py -> /home/rag0n/Desktop/lab/r0_workspace/install/r0/lib/python3.10/site-packages/r0/depth_estimation/midas
copying /home/rag0n/Desktop/lab/r0_workspace/build/r0/build/lib/r0/depth_estimation/midas/dpt_depth.py -> /home/rag0n/Desktop/lab/r0_workspace/install/r0/lib/python3.10/site-packages/r0/depth_estimation/midas
copying /home/rag0n/Desktop/lab/r0_workspace/build/r0/build/lib/r0/depth_estimation/__init__.py -> /home/rag0n/Desktop/lab/r0_workspace/install/r0/lib/python3.10/site-packages/r0/depth_estimation
copying /home/rag0n/Desktop/lab/r0_workspace/build/r0/build/lib/r0/depth_estimation/run.py -> /home/rag0n/Desktop/lab/r0_workspace/install/r0/lib/python3.10/site-packages/r0/depth_estimation
copying /home/rag0n/Desktop/lab/r0_workspace/build/r0/build/lib/r0/__init__.py -> /home/rag0n/Desktop/lab/r0_workspace/install/r0/lib/python3.10/site-packages/r0
copying /home/rag0n/Desktop/lab/r0_workspace/build/r0/build/lib/r0/data_provider.py -> /home/rag0n/Desktop/lab/r0_workspace/install/r0/lib/python3.10/site-packages/r0
byte-compiling /home/rag0n/Desktop/lab/r0_workspace/install/r0/lib/python3.10/site-packages/r0/depth_estimation/midas/blocks.py to blocks.cpython-310.pyc
byte-compiling /home/rag0n/Desktop/lab/r0_workspace/install/r0/lib/python3.10/site-packages/r0/depth_estimation/midas/transforms.py to transforms.cpython-310.pyc
byte-compiling /home/rag0n/Desktop/lab/r0_workspace/install/r0/lib/python3.10/site-packages/r0/depth_estimation/midas/midas_net.py to midas_net.cpython-310.pyc
byte-compiling /home/rag0n/Desktop/lab/r0_workspace/install/r0/lib/python3.10/site-packages/r0/depth_estimation/midas/model_loader.py to model_loader.cpython-310.pyc
byte-compiling /home/rag0n/Desktop/lab/r0_workspace/install/r0/lib/python3.10/site-packages/r0/depth_estimation/midas/backbones/beit.py to beit.cpython-310.pyc
byte-compiling /home/rag0n/Desktop/lab/r0_workspace/install/r0/lib/python3.10/site-packages/r0/depth_estimation/midas/backbones/swin_common.py to swin_common.cpython-310.pyc
byte-compiling /home/rag0n/Desktop/lab/r0_workspace/install/r0/lib/python3.10/site-packages/r0/depth_estimation/midas/backbones/swin2.py to swin2.cpython-310.pyc
byte-compiling /home/rag0n/Desktop/lab/r0_workspace/install/r0/lib/python3.10/site-packages/r0/depth_estimation/midas/backbones/levit.py to levit.cpython-310.pyc
byte-compiling /home/rag0n/Desktop/lab/r0_workspace/install/r0/lib/python3.10/site-packages/r0/depth_estimation/midas/backbones/next_vit.py to next_vit.cpython-310.pyc
byte-compiling /home/rag0n/Desktop/lab/r0_workspace/install/r0/lib/python3.10/site-packages/r0/depth_estimation/midas/backbones/vit.py to vit.cpython-310.pyc
byte-compiling /home/rag0n/Desktop/lab/r0_workspace/install/r0/lib/python3.10/site-packages/r0/depth_estimation/midas/backbones/utils.py to utils.cpython-310.pyc
byte-compiling /home/rag0n/Desktop/lab/r0_workspace/install/r0/lib/python3.10/site-packages/r0/depth_estimation/midas/backbones/__init__.py to __init__.cpython-310.pyc
byte-compiling /home/rag0n/Desktop/lab/r0_workspace/install/r0/lib/python3.10/site-packages/r0/depth_estimation/midas/backbones/swin.py to swin.cpython-310.pyc
byte-compiling /home/rag0n/Desktop/lab/r0_workspace/install/r0/lib/python3.10/site-packages/r0/depth_estimation/midas/__init__.py to __init__.cpython-310.pyc
byte-compiling /home/rag0n/Desktop/lab/r0_workspace/install/r0/lib/python3.10/site-packages/r0/depth_estimation/midas/midas_net_custom.py to midas_net_custom.cpython-310.pyc
byte-compiling /home/rag0n/Desktop/lab/r0_workspace/install/r0/lib/python3.10/site-packages/r0/depth_estimation/midas/base_model.py to base_model.cpython-310.pyc
byte-compiling /home/rag0n/Desktop/lab/r0_workspace/install/r0/lib/python3.10/site-packages/r0/depth_estimation/midas/dpt_depth.py to dpt_depth.cpython-310.pyc
byte-compiling /home/rag0n/Desktop/lab/r0_workspace/install/r0/lib/python3.10/site-packages/r0/depth_estimation/__init__.py to __init__.cpython-310.pyc
byte-compiling /home/rag0n/Desktop/lab/r0_workspace/install/r0/lib/python3.10/site-packages/r0/depth_estimation/run.py to run.cpython-310.pyc
byte-compiling /home/rag0n/Desktop/lab/r0_workspace/install/r0/lib/python3.10/site-packages/r0/__init__.py to __init__.cpython-310.pyc
byte-compiling /home/rag0n/Desktop/lab/r0_workspace/install/r0/lib/python3.10/site-packages/r0/data_provider.py to data_provider.cpython-310.pyc
running install_data
creating /home/rag0n/Desktop/lab/r0_workspace/install/r0/share
creating /home/rag0n/Desktop/lab/r0_workspace/install/r0/share/r0
creating /home/rag0n/Desktop/lab/r0_workspace/install/r0/share/r0/launch
copying launch/rtabmap_rgbd_odom.launch.py -> /home/rag0n/Desktop/lab/r0_workspace/install/r0/share/r0/launch
copying launch/rtabmap_midas.launch.py -> /home/rag0n/Desktop/lab/r0_workspace/install/r0/share/r0/launch
copying launch/rtabmap_slam.launch.py -> /home/rag0n/Desktop/lab/r0_workspace/install/r0/share/r0/launch
creating /home/rag0n/Desktop/lab/r0_workspace/install/r0/share/ament_index
creating /home/rag0n/Desktop/lab/r0_workspace/install/r0/share/ament_index/resource_index
creating /home/rag0n/Desktop/lab/r0_workspace/install/r0/share/ament_index/resource_index/packages
copying resource/r0 -> /home/rag0n/Desktop/lab/r0_workspace/install/r0/share/ament_index/resource_index/packages
copying package.xml -> /home/rag0n/Desktop/lab/r0_workspace/install/r0/share/r0
running install_egg_info
Copying ../../build/r0/r0.egg-info to /home/rag0n/Desktop/lab/r0_workspace/install/r0/lib/python3.10/site-packages/r0-0.0.0-py3.10.egg-info
running install_scripts
Installing data_provider script to /home/rag0n/Desktop/lab/r0_workspace/install/r0/lib/r0
writing list of installed files to '/home/rag0n/Desktop/lab/r0_workspace/build/r0/install.log'
