[0.464s] Invoking command in '/home/rag0n/Desktop/lab/r0_workspace/src/r0': PYTHONPATH=/home/rag0n/Desktop/lab/r0_workspace/build/r0/prefix_override:/home/rag0n/.local/lib/python3.10/site-packages/colcon_core/task/python/colcon_distutils_commands:/home/rag0n/Desktop/lab/r0_workspace/install/r0/lib/python3.10/site-packages:${PYTHONPATH} /usr/bin/python3 -W ignore:setup.py install is deprecated setup.py egg_info --egg-base ../../build/r0 build --build-base /home/rag0n/Desktop/lab/r0_workspace/build/r0/build install --record /home/rag0n/Desktop/lab/r0_workspace/build/r0/install.log --single-version-externally-managed install_data
[0.627s] running egg_info
[0.627s] creating ../../build/r0/r0.egg-info
[0.627s] writing ../../build/r0/r0.egg-info/PKG-INFO
[0.627s] writing dependency_links to ../../build/r0/r0.egg-info/dependency_links.txt
[0.627s] writing entry points to ../../build/r0/r0.egg-info/entry_points.txt
[0.628s] writing requirements to ../../build/r0/r0.egg-info/requires.txt
[0.628s] writing top-level names to ../../build/r0/r0.egg-info/top_level.txt
[0.628s] writing manifest file '../../build/r0/r0.egg-info/SOURCES.txt'
[0.631s] reading manifest file '../../build/r0/r0.egg-info/SOURCES.txt'
[0.631s] writing manifest file '../../build/r0/r0.egg-info/SOURCES.txt'
[0.631s] running build
[0.631s] running build_py
[0.631s] creating /home/rag0n/Desktop/lab/r0_workspace/build/r0/build
[0.631s] creating /home/rag0n/Desktop/lab/r0_workspace/build/r0/build/lib
[0.632s] creating /home/rag0n/Desktop/lab/r0_workspace/build/r0/build/lib/r0
[0.632s] copying r0/__init__.py -> /home/rag0n/Desktop/lab/r0_workspace/build/r0/build/lib/r0
[0.632s] copying r0/data_provider.py -> /home/rag0n/Desktop/lab/r0_workspace/build/r0/build/lib/r0
[0.632s] creating /home/rag0n/Desktop/lab/r0_workspace/build/r0/build/lib/r0/depth_estimation
[0.632s] copying r0/depth_estimation/__init__.py -> /home/rag0n/Desktop/lab/r0_workspace/build/r0/build/lib/r0/depth_estimation
[0.632s] copying r0/depth_estimation/run.py -> /home/rag0n/Desktop/lab/r0_workspace/build/r0/build/lib/r0/depth_estimation
[0.632s] creating /home/rag0n/Desktop/lab/r0_workspace/build/r0/build/lib/r0/depth_estimation/midas
[0.632s] copying r0/depth_estimation/midas/blocks.py -> /home/rag0n/Desktop/lab/r0_workspace/build/r0/build/lib/r0/depth_estimation/midas
[0.632s] copying r0/depth_estimation/midas/transforms.py -> /home/rag0n/Desktop/lab/r0_workspace/build/r0/build/lib/r0/depth_estimation/midas
[0.632s] copying r0/depth_estimation/midas/midas_net.py -> /home/rag0n/Desktop/lab/r0_workspace/build/r0/build/lib/r0/depth_estimation/midas
[0.632s] copying r0/depth_estimation/midas/model_loader.py -> /home/rag0n/Desktop/lab/r0_workspace/build/r0/build/lib/r0/depth_estimation/midas
[0.632s] copying r0/depth_estimation/midas/__init__.py -> /home/rag0n/Desktop/lab/r0_workspace/build/r0/build/lib/r0/depth_estimation/midas
[0.632s] copying r0/depth_estimation/midas/midas_net_custom.py -> /home/rag0n/Desktop/lab/r0_workspace/build/r0/build/lib/r0/depth_estimation/midas
[0.632s] copying r0/depth_estimation/midas/base_model.py -> /home/rag0n/Desktop/lab/r0_workspace/build/r0/build/lib/r0/depth_estimation/midas
[0.632s] copying r0/depth_estimation/midas/dpt_depth.py -> /home/rag0n/Desktop/lab/r0_workspace/build/r0/build/lib/r0/depth_estimation/midas
[0.632s] creating /home/rag0n/Desktop/lab/r0_workspace/build/r0/build/lib/r0/depth_estimation/midas/backbones
[0.632s] copying r0/depth_estimation/midas/backbones/beit.py -> /home/rag0n/Desktop/lab/r0_workspace/build/r0/build/lib/r0/depth_estimation/midas/backbones
[0.632s] copying r0/depth_estimation/midas/backbones/swin_common.py -> /home/rag0n/Desktop/lab/r0_workspace/build/r0/build/lib/r0/depth_estimation/midas/backbones
[0.633s] copying r0/depth_estimation/midas/backbones/swin2.py -> /home/rag0n/Desktop/lab/r0_workspace/build/r0/build/lib/r0/depth_estimation/midas/backbones
[0.633s] copying r0/depth_estimation/midas/backbones/levit.py -> /home/rag0n/Desktop/lab/r0_workspace/build/r0/build/lib/r0/depth_estimation/midas/backbones
[0.633s] copying r0/depth_estimation/midas/backbones/next_vit.py -> /home/rag0n/Desktop/lab/r0_workspace/build/r0/build/lib/r0/depth_estimation/midas/backbones
[0.633s] copying r0/depth_estimation/midas/backbones/vit.py -> /home/rag0n/Desktop/lab/r0_workspace/build/r0/build/lib/r0/depth_estimation/midas/backbones
[0.633s] copying r0/depth_estimation/midas/backbones/utils.py -> /home/rag0n/Desktop/lab/r0_workspace/build/r0/build/lib/r0/depth_estimation/midas/backbones
[0.633s] copying r0/depth_estimation/midas/backbones/__init__.py -> /home/rag0n/Desktop/lab/r0_workspace/build/r0/build/lib/r0/depth_estimation/midas/backbones
[0.633s] copying r0/depth_estimation/midas/backbones/swin.py -> /home/rag0n/Desktop/lab/r0_workspace/build/r0/build/lib/r0/depth_estimation/midas/backbones
[0.633s] running install
[0.633s] running install_lib
[0.634s] creating /home/rag0n/Desktop/lab/r0_workspace/install/r0/lib/python3.10/site-packages/r0
[0.634s] creating /home/rag0n/Desktop/lab/r0_workspace/install/r0/lib/python3.10/site-packages/r0/depth_estimation
[0.634s] creating /home/rag0n/Desktop/lab/r0_workspace/install/r0/lib/python3.10/site-packages/r0/depth_estimation/midas
[0.634s] copying /home/rag0n/Desktop/lab/r0_workspace/build/r0/build/lib/r0/depth_estimation/midas/blocks.py -> /home/rag0n/Desktop/lab/r0_workspace/install/r0/lib/python3.10/site-packages/r0/depth_estimation/midas
[0.634s] copying /home/rag0n/Desktop/lab/r0_workspace/build/r0/build/lib/r0/depth_estimation/midas/transforms.py -> /home/rag0n/Desktop/lab/r0_workspace/install/r0/lib/python3.10/site-packages/r0/depth_estimation/midas
[0.634s] copying /home/rag0n/Desktop/lab/r0_workspace/build/r0/build/lib/r0/depth_estimation/midas/midas_net.py -> /home/rag0n/Desktop/lab/r0_workspace/install/r0/lib/python3.10/site-packages/r0/depth_estimation/midas
[0.635s] copying /home/rag0n/Desktop/lab/r0_workspace/build/r0/build/lib/r0/depth_estimation/midas/model_loader.py -> /home/rag0n/Desktop/lab/r0_workspace/install/r0/lib/python3.10/site-packages/r0/depth_estimation/midas
[0.635s] creating /home/rag0n/Desktop/lab/r0_workspace/install/r0/lib/python3.10/site-packages/r0/depth_estimation/midas/backbones
[0.635s] copying /home/rag0n/Desktop/lab/r0_workspace/build/r0/build/lib/r0/depth_estimation/midas/backbones/beit.py -> /home/rag0n/Desktop/lab/r0_workspace/install/r0/lib/python3.10/site-packages/r0/depth_estimation/midas/backbones
[0.635s] copying /home/rag0n/Desktop/lab/r0_workspace/build/r0/build/lib/r0/depth_estimation/midas/backbones/swin_common.py -> /home/rag0n/Desktop/lab/r0_workspace/install/r0/lib/python3.10/site-packages/r0/depth_estimation/midas/backbones
[0.635s] copying /home/rag0n/Desktop/lab/r0_workspace/build/r0/build/lib/r0/depth_estimation/midas/backbones/swin2.py -> /home/rag0n/Desktop/lab/r0_workspace/install/r0/lib/python3.10/site-packages/r0/depth_estimation/midas/backbones
[0.635s] copying /home/rag0n/Desktop/lab/r0_workspace/build/r0/build/lib/r0/depth_estimation/midas/backbones/levit.py -> /home/rag0n/Desktop/lab/r0_workspace/install/r0/lib/python3.10/site-packages/r0/depth_estimation/midas/backbones
[0.635s] copying /home/rag0n/Desktop/lab/r0_workspace/build/r0/build/lib/r0/depth_estimation/midas/backbones/next_vit.py -> /home/rag0n/Desktop/lab/r0_workspace/install/r0/lib/python3.10/site-packages/r0/depth_estimation/midas/backbones
[0.635s] copying /home/rag0n/Desktop/lab/r0_workspace/build/r0/build/lib/r0/depth_estimation/midas/backbones/vit.py -> /home/rag0n/Desktop/lab/r0_workspace/install/r0/lib/python3.10/site-packages/r0/depth_estimation/midas/backbones
[0.635s] copying /home/rag0n/Desktop/lab/r0_workspace/build/r0/build/lib/r0/depth_estimation/midas/backbones/utils.py -> /home/rag0n/Desktop/lab/r0_workspace/install/r0/lib/python3.10/site-packages/r0/depth_estimation/midas/backbones
[0.635s] copying /home/rag0n/Desktop/lab/r0_workspace/build/r0/build/lib/r0/depth_estimation/midas/backbones/__init__.py -> /home/rag0n/Desktop/lab/r0_workspace/install/r0/lib/python3.10/site-packages/r0/depth_estimation/midas/backbones
[0.635s] copying /home/rag0n/Desktop/lab/r0_workspace/build/r0/build/lib/r0/depth_estimation/midas/backbones/swin.py -> /home/rag0n/Desktop/lab/r0_workspace/install/r0/lib/python3.10/site-packages/r0/depth_estimation/midas/backbones
[0.635s] copying /home/rag0n/Desktop/lab/r0_workspace/build/r0/build/lib/r0/depth_estimation/midas/__init__.py -> /home/rag0n/Desktop/lab/r0_workspace/install/r0/lib/python3.10/site-packages/r0/depth_estimation/midas
[0.635s] copying /home/rag0n/Desktop/lab/r0_workspace/build/r0/build/lib/r0/depth_estimation/midas/midas_net_custom.py -> /home/rag0n/Desktop/lab/r0_workspace/install/r0/lib/python3.10/site-packages/r0/depth_estimation/midas
[0.635s] copying /home/rag0n/Desktop/lab/r0_workspace/build/r0/build/lib/r0/depth_estimation/midas/base_model.py -> /home/rag0n/Desktop/lab/r0_workspace/install/r0/lib/python3.10/site-packages/r0/depth_estimation/midas
[0.635s] copying /home/rag0n/Desktop/lab/r0_workspace/build/r0/build/lib/r0/depth_estimation/midas/dpt_depth.py -> /home/rag0n/Desktop/lab/r0_workspace/install/r0/lib/python3.10/site-packages/r0/depth_estimation/midas
[0.635s] copying /home/rag0n/Desktop/lab/r0_workspace/build/r0/build/lib/r0/depth_estimation/__init__.py -> /home/rag0n/Desktop/lab/r0_workspace/install/r0/lib/python3.10/site-packages/r0/depth_estimation
[0.635s] copying /home/rag0n/Desktop/lab/r0_workspace/build/r0/build/lib/r0/depth_estimation/run.py -> /home/rag0n/Desktop/lab/r0_workspace/install/r0/lib/python3.10/site-packages/r0/depth_estimation
[0.635s] copying /home/rag0n/Desktop/lab/r0_workspace/build/r0/build/lib/r0/__init__.py -> /home/rag0n/Desktop/lab/r0_workspace/install/r0/lib/python3.10/site-packages/r0
[0.635s] copying /home/rag0n/Desktop/lab/r0_workspace/build/r0/build/lib/r0/data_provider.py -> /home/rag0n/Desktop/lab/r0_workspace/install/r0/lib/python3.10/site-packages/r0
[0.636s] byte-compiling /home/rag0n/Desktop/lab/r0_workspace/install/r0/lib/python3.10/site-packages/r0/depth_estimation/midas/blocks.py to blocks.cpython-310.pyc
[0.637s] byte-compiling /home/rag0n/Desktop/lab/r0_workspace/install/r0/lib/python3.10/site-packages/r0/depth_estimation/midas/transforms.py to transforms.cpython-310.pyc
[0.638s] byte-compiling /home/rag0n/Desktop/lab/r0_workspace/install/r0/lib/python3.10/site-packages/r0/depth_estimation/midas/midas_net.py to midas_net.cpython-310.pyc
[0.638s] byte-compiling /home/rag0n/Desktop/lab/r0_workspace/install/r0/lib/python3.10/site-packages/r0/depth_estimation/midas/model_loader.py to model_loader.cpython-310.pyc
[0.639s] byte-compiling /home/rag0n/Desktop/lab/r0_workspace/install/r0/lib/python3.10/site-packages/r0/depth_estimation/midas/backbones/beit.py to beit.cpython-310.pyc
[0.640s] byte-compiling /home/rag0n/Desktop/lab/r0_workspace/install/r0/lib/python3.10/site-packages/r0/depth_estimation/midas/backbones/swin_common.py to swin_common.cpython-310.pyc
[0.640s] byte-compiling /home/rag0n/Desktop/lab/r0_workspace/install/r0/lib/python3.10/site-packages/r0/depth_estimation/midas/backbones/swin2.py to swin2.cpython-310.pyc
[0.640s] byte-compiling /home/rag0n/Desktop/lab/r0_workspace/install/r0/lib/python3.10/site-packages/r0/depth_estimation/midas/backbones/levit.py to levit.cpython-310.pyc
[0.641s] byte-compiling /home/rag0n/Desktop/lab/r0_workspace/install/r0/lib/python3.10/site-packages/r0/depth_estimation/midas/backbones/next_vit.py to next_vit.cpython-310.pyc
[0.641s] byte-compiling /home/rag0n/Desktop/lab/r0_workspace/install/r0/lib/python3.10/site-packages/r0/depth_estimation/midas/backbones/vit.py to vit.cpython-310.pyc
[0.642s] byte-compiling /home/rag0n/Desktop/lab/r0_workspace/install/r0/lib/python3.10/site-packages/r0/depth_estimation/midas/backbones/utils.py to utils.cpython-310.pyc
[0.643s] byte-compiling /home/rag0n/Desktop/lab/r0_workspace/install/r0/lib/python3.10/site-packages/r0/depth_estimation/midas/backbones/__init__.py to __init__.cpython-310.pyc
[0.643s] byte-compiling /home/rag0n/Desktop/lab/r0_workspace/install/r0/lib/python3.10/site-packages/r0/depth_estimation/midas/backbones/swin.py to swin.cpython-310.pyc
[0.643s] byte-compiling /home/rag0n/Desktop/lab/r0_workspace/install/r0/lib/python3.10/site-packages/r0/depth_estimation/midas/__init__.py to __init__.cpython-310.pyc
[0.643s] byte-compiling /home/rag0n/Desktop/lab/r0_workspace/install/r0/lib/python3.10/site-packages/r0/depth_estimation/midas/midas_net_custom.py to midas_net_custom.cpython-310.pyc
[0.644s] byte-compiling /home/rag0n/Desktop/lab/r0_workspace/install/r0/lib/python3.10/site-packages/r0/depth_estimation/midas/base_model.py to base_model.cpython-310.pyc
[0.644s] byte-compiling /home/rag0n/Desktop/lab/r0_workspace/install/r0/lib/python3.10/site-packages/r0/depth_estimation/midas/dpt_depth.py to dpt_depth.cpython-310.pyc
[0.645s] byte-compiling /home/rag0n/Desktop/lab/r0_workspace/install/r0/lib/python3.10/site-packages/r0/depth_estimation/__init__.py to __init__.cpython-310.pyc
[0.645s] byte-compiling /home/rag0n/Desktop/lab/r0_workspace/install/r0/lib/python3.10/site-packages/r0/depth_estimation/run.py to run.cpython-310.pyc
[0.646s] byte-compiling /home/rag0n/Desktop/lab/r0_workspace/install/r0/lib/python3.10/site-packages/r0/__init__.py to __init__.cpython-310.pyc
[0.646s] byte-compiling /home/rag0n/Desktop/lab/r0_workspace/install/r0/lib/python3.10/site-packages/r0/data_provider.py to data_provider.cpython-310.pyc
[0.646s] running install_data
[0.646s] creating /home/rag0n/Desktop/lab/r0_workspace/install/r0/share
[0.646s] creating /home/rag0n/Desktop/lab/r0_workspace/install/r0/share/r0
[0.646s] creating /home/rag0n/Desktop/lab/r0_workspace/install/r0/share/r0/launch
[0.646s] copying launch/rtabmap_rgbd_odom.launch.py -> /home/rag0n/Desktop/lab/r0_workspace/install/r0/share/r0/launch
[0.647s] copying launch/rtabmap_midas.launch.py -> /home/rag0n/Desktop/lab/r0_workspace/install/r0/share/r0/launch
[0.647s] copying launch/rtabmap_slam.launch.py -> /home/rag0n/Desktop/lab/r0_workspace/install/r0/share/r0/launch
[0.647s] creating /home/rag0n/Desktop/lab/r0_workspace/install/r0/share/ament_index
[0.647s] creating /home/rag0n/Desktop/lab/r0_workspace/install/r0/share/ament_index/resource_index
[0.647s] creating /home/rag0n/Desktop/lab/r0_workspace/install/r0/share/ament_index/resource_index/packages
[0.647s] copying resource/r0 -> /home/rag0n/Desktop/lab/r0_workspace/install/r0/share/ament_index/resource_index/packages
[0.647s] copying package.xml -> /home/rag0n/Desktop/lab/r0_workspace/install/r0/share/r0
[0.647s] running install_egg_info
[0.648s] Copying ../../build/r0/r0.egg-info to /home/rag0n/Desktop/lab/r0_workspace/install/r0/lib/python3.10/site-packages/r0-0.0.0-py3.10.egg-info
[0.649s] running install_scripts
[0.663s] Installing data_provider script to /home/rag0n/Desktop/lab/r0_workspace/install/r0/lib/r0
[0.663s] writing list of installed files to '/home/rag0n/Desktop/lab/r0_workspace/build/r0/install.log'
[0.680s] Invoked command in '/home/rag0n/Desktop/lab/r0_workspace/src/r0' returned '0': PYTHONPATH=/home/rag0n/Desktop/lab/r0_workspace/build/r0/prefix_override:/home/rag0n/.local/lib/python3.10/site-packages/colcon_core/task/python/colcon_distutils_commands:/home/rag0n/Desktop/lab/r0_workspace/install/r0/lib/python3.10/site-packages:${PYTHONPATH} /usr/bin/python3 -W ignore:setup.py install is deprecated setup.py egg_info --egg-base ../../build/r0 build --build-base /home/rag0n/Desktop/lab/r0_workspace/build/r0/build install --record /home/rag0n/Desktop/lab/r0_workspace/build/r0/install.log --single-version-externally-managed install_data
