running egg_info
writing ../../build/r0/r0.egg-info/PKG-INFO
writing dependency_links to ../../build/r0/r0.egg-info/dependency_links.txt
writing entry points to ../../build/r0/r0.egg-info/entry_points.txt
writing requirements to ../../build/r0/r0.egg-info/requires.txt
writing top-level names to ../../build/r0/r0.egg-info/top_level.txt
reading manifest file '../../build/r0/r0.egg-info/SOURCES.txt'
writing manifest file '../../build/r0/r0.egg-info/SOURCES.txt'
running build
running build_py
running install
running install_lib
running install_data
copying launch/main.launch.py -> /home/rag0n/Desktop/lab/r0_workspace/install/r0/share/r0/launch
copying launch/rtabmap_slam.launch.py -> /home/rag0n/Desktop/lab/r0_workspace/install/r0/share/r0/launch
running install_egg_info
removing '/home/rag0n/Desktop/lab/r0_workspace/install/r0/lib/python3.10/site-packages/r0-0.0.0-py3.10.egg-info' (and everything under it)
Copying ../../build/r0/r0.egg-info to /home/rag0n/Desktop/lab/r0_workspace/install/r0/lib/python3.10/site-packages/r0-0.0.0-py3.10.egg-info
running install_scripts
Installing data_provider script to /home/rag0n/Desktop/lab/r0_workspace/install/r0/lib/r0
writing list of installed files to '/home/rag0n/Desktop/lab/r0_workspace/build/r0/install.log'
