[0.475s] Invoking command in '/home/rag0n/Desktop/lab/r0_workspace/src/r0': PYTHONPATH=/home/rag0n/Desktop/lab/r0_workspace/build/r0/prefix_override:/home/rag0n/.local/lib/python3.10/site-packages/colcon_core/task/python/colcon_distutils_commands:/home/rag0n/Desktop/lab/r0_workspace/install/r0/lib/python3.10/site-packages:${PYTHONPATH} /usr/bin/python3 -W ignore:setup.py install is deprecated setup.py egg_info --egg-base ../../build/r0 build --build-base /home/rag0n/Desktop/lab/r0_workspace/build/r0/build install --record /home/rag0n/Desktop/lab/r0_workspace/build/r0/install.log --single-version-externally-managed install_data
[0.635s] running egg_info
[0.635s] writing ../../build/r0/r0.egg-info/PKG-INFO
[0.635s] writing dependency_links to ../../build/r0/r0.egg-info/dependency_links.txt
[0.635s] writing entry points to ../../build/r0/r0.egg-info/entry_points.txt
[0.635s] writing requirements to ../../build/r0/r0.egg-info/requires.txt
[0.635s] writing top-level names to ../../build/r0/r0.egg-info/top_level.txt
[0.637s] reading manifest file '../../build/r0/r0.egg-info/SOURCES.txt'
[0.638s] writing manifest file '../../build/r0/r0.egg-info/SOURCES.txt'
[0.638s] running build
[0.638s] running build_py
[0.639s] running install
[0.639s] running install_lib
[0.640s] running install_data
[0.640s] copying launch/rviz2.launch.py -> /home/rag0n/Desktop/lab/r0_workspace/install/r0/share/r0/launch
[0.640s] creating /home/rag0n/Desktop/lab/r0_workspace/install/r0/share/r0/config
[0.640s] copying config/my_config.rviz -> /home/rag0n/Desktop/lab/r0_workspace/install/r0/share/r0/config
[0.640s] running install_egg_info
[0.642s] removing '/home/rag0n/Desktop/lab/r0_workspace/install/r0/lib/python3.10/site-packages/r0-0.0.0-py3.10.egg-info' (and everything under it)
[0.642s] Copying ../../build/r0/r0.egg-info to /home/rag0n/Desktop/lab/r0_workspace/install/r0/lib/python3.10/site-packages/r0-0.0.0-py3.10.egg-info
[0.642s] running install_scripts
[0.655s] Installing data_provider script to /home/rag0n/Desktop/lab/r0_workspace/install/r0/lib/r0
[0.656s] writing list of installed files to '/home/rag0n/Desktop/lab/r0_workspace/build/r0/install.log'
[0.671s] Invoked command in '/home/rag0n/Desktop/lab/r0_workspace/src/r0' returned '0': PYTHONPATH=/home/rag0n/Desktop/lab/r0_workspace/build/r0/prefix_override:/home/rag0n/.local/lib/python3.10/site-packages/colcon_core/task/python/colcon_distutils_commands:/home/rag0n/Desktop/lab/r0_workspace/install/r0/lib/python3.10/site-packages:${PYTHONPATH} /usr/bin/python3 -W ignore:setup.py install is deprecated setup.py egg_info --egg-base ../../build/r0 build --build-base /home/rag0n/Desktop/lab/r0_workspace/build/r0/build install --record /home/rag0n/Desktop/lab/r0_workspace/build/r0/install.log --single-version-externally-managed install_data
